<?xml version="1.0" encoding="UTF-8"?>
<testng-results skipped="0" failed="0" ignored="0" total="1" passed="1">
  <reporter-output>
  </reporter-output>
  <suite name="Default suite" duration-ms="50031" started-at="2020-04-21T21:53:35 IST" finished-at="2020-04-21T21:54:25 IST">
    <groups>
    </groups>
    <test name="Default test" duration-ms="50031" started-at="2020-04-21T21:53:35 IST" finished-at="2020-04-21T21:54:25 IST">
      <class name="com.inetBanking.testcases.TC_Logintest_001">
        <test-method status="PASS" signature="setup()[pri:0, instance:com.inetBanking.testcases.TC_Logintest_001@3aeaafa6]" name="setup" is-config="true" duration-ms="32010" started-at="2020-04-21T21:53:35 IST" finished-at="2020-04-21T21:54:07 IST">
          <reporter-output>
          </reporter-output>
        </test-method> <!-- setup -->
        <test-method status="PASS" signature="loginTest()[pri:0, instance:com.inetBanking.testcases.TC_Logintest_001@3aeaafa6]" name="loginTest" duration-ms="17842" started-at="2020-04-21T21:54:07 IST" finished-at="2020-04-21T21:54:25 IST">
          <reporter-output>
          </reporter-output>
        </test-method> <!-- loginTest -->
        <test-method status="PASS" signature="tearDown()[pri:0, instance:com.inetBanking.testcases.TC_Logintest_001@3aeaafa6]" name="tearDown" is-config="true" duration-ms="0" started-at="2020-04-21T21:54:25 IST" finished-at="2020-04-21T21:54:25 IST">
          <reporter-output>
          </reporter-output>
        </test-method> <!-- tearDown -->
      </class> <!-- com.inetBanking.testcases.TC_Logintest_001 -->
    </test> <!-- Default test -->
  </suite> <!-- Default suite -->
</testng-results>
